0 verbose cli /usr/local/bin/node /usr/local/lib/node_modules/npm/bin/npm-cli.js
1 info using npm@10.9.3
2 info using node@v22.20.0
3 silly config load:file:/usr/local/lib/node_modules/npm/npmrc
4 silly config load:file:/Users/sainath.are/Documents/kammnow/.npmrc
5 silly config load:file:/Users/sainath.are/.npmrc
6 silly config load:file:/usr/local/etc/npmrc
7 verbose title npm exec eslint .
8 verbose argv "exec" "--cache" ".npm-cache" "--" "eslint" "."
9 verbose logfile logs-max:10 dir:/Users/sainath.are/Documents/kammnow/.npm-cache/_logs/2026-05-24T12_18_52_757Z-
10 verbose logfile /Users/sainath.are/Documents/kammnow/.npm-cache/_logs/2026-05-24T12_18_52_757Z-debug-0.log
11 silly logfile done cleaning log files
12 silly packumentCache heap:4345298944 maxSize:1086324736 maxEntrySize:543162368
13 http fetch GET 200 https://registry.npmjs.org/eslint 235ms (cache miss)
14 silly packumentCache heap:4345298944 maxSize:1086324736 maxEntrySize:543162368
15 silly packumentCache heap:4345298944 maxSize:1086324736 maxEntrySize:543162368
16 warn exec The following package was not found and will be installed: eslint@10.4.0
17 silly idealTree buildDeps
18 silly fetch manifest eslint@10.4.0
19 silly packumentCache full:https://registry.npmjs.org/eslint cache-miss
20 http fetch GET 200 https://registry.npmjs.org/eslint 95ms (cache miss)
21 silly packumentCache full:https://registry.npmjs.org/eslint set size:undefined disposed:false
22 silly placeDep ROOT eslint@10.4.0 OK for:  want: 10.4.0
23 silly fetch manifest @eslint-community/eslint-utils@^4.8.0
24 silly packumentCache full:https://registry.npmjs.org/@eslint-community%2feslint-utils cache-miss
25 silly fetch manifest @eslint-community/regexpp@^4.12.2
26 silly packumentCache full:https://registry.npmjs.org/@eslint-community%2fregexpp cache-miss
27 silly fetch manifest @eslint/config-array@^0.23.5
28 silly packumentCache full:https://registry.npmjs.org/@eslint%2fconfig-array cache-miss
29 silly fetch manifest @eslint/config-helpers@^0.6.0
30 silly packumentCache full:https://registry.npmjs.org/@eslint%2fconfig-helpers cache-miss
31 silly fetch manifest @eslint/core@^1.2.1
32 silly packumentCache full:https://registry.npmjs.org/@eslint%2fcore cache-miss
33 silly fetch manifest @eslint/plugin-kit@^0.7.1
34 silly packumentCache full:https://registry.npmjs.org/@eslint%2fplugin-kit cache-miss
35 silly fetch manifest @humanfs/node@^0.16.6
36 silly packumentCache full:https://registry.npmjs.org/@humanfs%2fnode cache-miss
37 silly fetch manifest @humanwhocodes/module-importer@^1.0.1
38 silly packumentCache full:https://registry.npmjs.org/@humanwhocodes%2fmodule-importer cache-miss
39 silly fetch manifest @humanwhocodes/retry@^0.4.2
40 silly packumentCache full:https://registry.npmjs.org/@humanwhocodes%2fretry cache-miss
41 http fetch GET 200 https://registry.npmjs.org/@eslint%2fplugin-kit 181ms (cache miss)
42 silly packumentCache full:https://registry.npmjs.org/@eslint%2fplugin-kit set size:undefined disposed:false
43 silly fetch manifest @types/estree@^1.0.6
44 silly packumentCache full:https://registry.npmjs.org/@types%2festree cache-miss
45 http fetch GET 200 https://registry.npmjs.org/@humanfs%2fnode 185ms (cache miss)
46 silly packumentCache full:https://registry.npmjs.org/@humanfs%2fnode set size:undefined disposed:false
47 silly fetch manifest ajv@^6.14.0
48 silly packumentCache full:https://registry.npmjs.org/ajv cache-miss
49 http fetch GET 200 https://registry.npmjs.org/@eslint%2fconfig-array 191ms (cache miss)
50 silly packumentCache full:https://registry.npmjs.org/@eslint%2fconfig-array set size:undefined disposed:false
51 silly fetch manifest cross-spawn@^7.0.6
52 silly packumentCache full:https://registry.npmjs.org/cross-spawn cache-miss
53 http fetch GET 200 https://registry.npmjs.org/@humanwhocodes%2fretry 193ms (cache miss)
54 silly packumentCache full:https://registry.npmjs.org/@humanwhocodes%2fretry set size:undefined disposed:false
55 silly fetch manifest debug@^4.3.2
56 silly packumentCache full:https://registry.npmjs.org/debug cache-miss
57 http fetch GET 200 https://registry.npmjs.org/@eslint%2fcore 195ms (cache miss)
58 silly packumentCache full:https://registry.npmjs.org/@eslint%2fcore set size:undefined disposed:false
59 silly fetch manifest escape-string-regexp@^4.0.0
60 silly packumentCache full:https://registry.npmjs.org/escape-string-regexp cache-miss
61 http fetch GET 200 https://registry.npmjs.org/@eslint-community%2fregexpp 197ms (cache miss)
62 silly packumentCache full:https://registry.npmjs.org/@eslint-community%2fregexpp set size:undefined disposed:false
63 silly fetch manifest eslint-scope@^9.1.2
64 silly packumentCache full:https://registry.npmjs.org/eslint-scope cache-miss
65 http fetch GET 200 https://registry.npmjs.org/ajv 54ms (cache revalidated)
66 silly packumentCache full:https://registry.npmjs.org/ajv set size:1142658 disposed:false
67 silly fetch manifest eslint-visitor-keys@^5.0.1
68 silly packumentCache full:https://registry.npmjs.org/eslint-visitor-keys cache-miss
69 http fetch GET 200 https://registry.npmjs.org/cross-spawn 63ms (cache revalidated)
70 silly packumentCache full:https://registry.npmjs.org/cross-spawn set size:109066 disposed:false
71 silly fetch manifest espree@^11.2.0
72 silly packumentCache full:https://registry.npmjs.org/espree cache-miss
73 http fetch GET 200 https://registry.npmjs.org/escape-string-regexp 60ms (cache revalidated)
74 silly packumentCache full:https://registry.npmjs.org/escape-string-regexp set size:22244 disposed:false
75 silly fetch manifest esquery@^1.7.0
76 silly packumentCache full:https://registry.npmjs.org/esquery cache-miss
77 http fetch GET 200 https://registry.npmjs.org/debug 62ms (cache revalidated)
78 silly packumentCache full:https://registry.npmjs.org/debug set size:195840 disposed:false
79 silly fetch manifest esutils@^2.0.2
80 silly packumentCache full:https://registry.npmjs.org/esutils cache-miss
81 http fetch GET 200 https://registry.npmjs.org/eslint-scope 63ms (cache miss)
82 silly packumentCache full:https://registry.npmjs.org/eslint-scope set size:undefined disposed:false
83 silly fetch manifest fast-deep-equal@^3.1.3
84 silly packumentCache full:https://registry.npmjs.org/fast-deep-equal cache-miss
85 http fetch GET 200 https://registry.npmjs.org/@types%2festree 79ms (cache miss)
86 silly packumentCache full:https://registry.npmjs.org/@types%2festree set size:undefined disposed:false
87 silly fetch manifest file-entry-cache@^8.0.0
88 silly packumentCache full:https://registry.npmjs.org/file-entry-cache cache-miss
89 http fetch GET 200 https://registry.npmjs.org/@eslint-community%2feslint-utils 283ms (cache miss)
90 silly packumentCache full:https://registry.npmjs.org/@eslint-community%2feslint-utils set size:undefined disposed:false
91 silly fetch manifest find-up@^5.0.0
92 silly packumentCache full:https://registry.npmjs.org/find-up cache-miss
93 http fetch GET 200 https://registry.npmjs.org/eslint-visitor-keys 49ms (cache miss)
94 silly packumentCache full:https://registry.npmjs.org/eslint-visitor-keys set size:undefined disposed:false
95 silly fetch manifest glob-parent@^6.0.2
96 silly packumentCache full:https://registry.npmjs.org/glob-parent cache-miss
97 http fetch GET 200 https://registry.npmjs.org/fast-deep-equal 40ms (cache revalidated)
98 silly packumentCache full:https://registry.npmjs.org/fast-deep-equal set size:48634 disposed:false
99 silly fetch manifest ignore@^5.2.0
100 silly packumentCache full:https://registry.npmjs.org/ignore cache-miss
101 http fetch GET 200 https://registry.npmjs.org/esutils 49ms (cache miss)
102 silly packumentCache full:https://registry.npmjs.org/esutils set size:undefined disposed:false
103 silly fetch manifest imurmurhash@^0.1.4
104 silly packumentCache full:https://registry.npmjs.org/imurmurhash cache-miss
105 http fetch GET 200 https://registry.npmjs.org/file-entry-cache 69ms (cache miss)
106 silly packumentCache full:https://registry.npmjs.org/file-entry-cache set size:undefined disposed:false
107 silly fetch manifest is-glob@^4.0.0
108 silly packumentCache full:https://registry.npmjs.org/is-glob cache-miss
109 http fetch GET 200 https://registry.npmjs.org/espree 80ms (cache miss)
110 silly packumentCache full:https://registry.npmjs.org/espree set size:undefined disposed:false
111 silly fetch manifest json-stable-stringify-without-jsonify@^1.0.1
112 silly packumentCache full:https://registry.npmjs.org/json-stable-stringify-without-jsonify cache-miss
113 http fetch GET 200 https://registry.npmjs.org/glob-parent 41ms (cache revalidated)
114 silly packumentCache full:https://registry.npmjs.org/glob-parent set size:42445 disposed:false
115 silly fetch manifest minimatch@^10.2.4
116 silly packumentCache full:https://registry.npmjs.org/minimatch cache-miss
117 http fetch GET 200 https://registry.npmjs.org/ignore 38ms (cache revalidated)
118 silly packumentCache full:https://registry.npmjs.org/ignore set size:237380 disposed:false
119 silly fetch manifest natural-compare@^1.4.0
120 silly packumentCache full:https://registry.npmjs.org/natural-compare cache-miss
121 http fetch GET 200 https://registry.npmjs.org/imurmurhash 60ms (cache revalidated)
122 silly packumentCache full:https://registry.npmjs.org/imurmurhash set size:35819 disposed:false
123 silly fetch manifest optionator@^0.9.3
124 silly packumentCache full:https://registry.npmjs.org/optionator cache-miss
125 http fetch GET 200 https://registry.npmjs.org/is-glob 47ms (cache revalidated)
126 silly packumentCache full:https://registry.npmjs.org/is-glob set size:40530 disposed:false
127 http fetch GET 200 https://registry.npmjs.org/@eslint%2fconfig-helpers 382ms (cache miss)
128 silly packumentCache full:https://registry.npmjs.org/@eslint%2fconfig-helpers set size:undefined disposed:false
129 http fetch GET 200 https://registry.npmjs.org/minimatch 48ms (cache revalidated)
130 silly packumentCache full:https://registry.npmjs.org/minimatch set size:375282 disposed:false
131 http fetch GET 200 https://registry.npmjs.org/json-stable-stringify-without-jsonify 52ms (cache miss)
132 silly packumentCache full:https://registry.npmjs.org/json-stable-stringify-without-jsonify set size:undefined disposed:false
133 http fetch GET 200 https://registry.npmjs.org/natural-compare 50ms (cache revalidated)
134 silly packumentCache full:https://registry.npmjs.org/natural-compare set size:7852 disposed:false
135 http fetch GET 200 https://registry.npmjs.org/@humanwhocodes%2fmodule-importer 393ms (cache miss)
136 silly packumentCache full:https://registry.npmjs.org/@humanwhocodes%2fmodule-importer set size:undefined disposed:false
137 http fetch GET 200 https://registry.npmjs.org/optionator 54ms (cache miss)
138 silly packumentCache full:https://registry.npmjs.org/optionator set size:undefined disposed:false
139 http fetch GET 200 https://registry.npmjs.org/esquery 277ms (cache miss)
140 silly packumentCache full:https://registry.npmjs.org/esquery set size:undefined disposed:false
141 http fetch GET 200 https://registry.npmjs.org/find-up 271ms (cache revalidated)
142 silly packumentCache full:https://registry.npmjs.org/find-up set size:42620 disposed:false
143 silly placeDep ROOT @eslint-community/eslint-utils@4.9.1 OK for: eslint@10.4.0 want: ^4.8.0
144 silly placeDep ROOT @eslint-community/regexpp@4.12.2 OK for: eslint@10.4.0 want: ^4.12.2
145 silly placeDep ROOT @eslint/config-array@0.23.5 OK for: eslint@10.4.0 want: ^0.23.5
146 silly placeDep ROOT @eslint/config-helpers@0.6.0 OK for: eslint@10.4.0 want: ^0.6.0
147 silly placeDep ROOT @eslint/core@1.2.1 OK for: eslint@10.4.0 want: ^1.2.1
148 silly placeDep ROOT @eslint/plugin-kit@0.7.1 OK for: eslint@10.4.0 want: ^0.7.1
149 silly placeDep ROOT @humanfs/node@0.16.8 OK for: eslint@10.4.0 want: ^0.16.6
150 silly placeDep ROOT @humanwhocodes/module-importer@1.0.1 OK for: eslint@10.4.0 want: ^1.0.1
151 silly placeDep ROOT @humanwhocodes/retry@0.4.3 OK for: eslint@10.4.0 want: ^0.4.2
152 silly placeDep ROOT @types/estree@1.0.9 OK for: eslint@10.4.0 want: ^1.0.6
153 silly placeDep ROOT ajv@6.15.0 OK for: eslint@10.4.0 want: ^6.14.0
154 silly placeDep ROOT cross-spawn@7.0.6 OK for: eslint@10.4.0 want: ^7.0.6
155 silly placeDep ROOT debug@4.4.3 OK for: eslint@10.4.0 want: ^4.3.2
156 silly placeDep ROOT escape-string-regexp@4.0.0 OK for: eslint@10.4.0 want: ^4.0.0
157 silly placeDep ROOT eslint-scope@9.1.2 OK for: eslint@10.4.0 want: ^9.1.2
158 silly placeDep ROOT eslint-visitor-keys@5.0.1 OK for: eslint@10.4.0 want: ^5.0.1
159 silly placeDep ROOT espree@11.2.0 OK for: eslint@10.4.0 want: ^11.2.0
160 silly placeDep ROOT esquery@1.7.0 OK for: eslint@10.4.0 want: ^1.7.0
161 silly placeDep ROOT esutils@2.0.3 OK for: eslint@10.4.0 want: ^2.0.2
162 silly placeDep ROOT fast-deep-equal@3.1.3 OK for: eslint@10.4.0 want: ^3.1.3
163 silly placeDep ROOT file-entry-cache@8.0.0 OK for: eslint@10.4.0 want: ^8.0.0
164 silly placeDep ROOT find-up@5.0.0 OK for: eslint@10.4.0 want: ^5.0.0
165 silly placeDep ROOT glob-parent@6.0.2 OK for: eslint@10.4.0 want: ^6.0.2
166 silly placeDep ROOT ignore@5.3.2 OK for: eslint@10.4.0 want: ^5.2.0
167 silly placeDep ROOT imurmurhash@0.1.4 OK for: eslint@10.4.0 want: ^0.1.4
168 silly placeDep ROOT is-glob@4.0.3 OK for: eslint@10.4.0 want: ^4.0.0
169 silly placeDep ROOT json-stable-stringify-without-jsonify@1.0.1 OK for: eslint@10.4.0 want: ^1.0.1
170 silly placeDep ROOT minimatch@10.2.5 OK for: eslint@10.4.0 want: ^10.2.4
171 silly placeDep ROOT natural-compare@1.4.0 OK for: eslint@10.4.0 want: ^1.4.0
172 silly placeDep ROOT optionator@0.9.4 OK for: eslint@10.4.0 want: ^0.9.3
173 silly fetch manifest eslint-visitor-keys@^3.4.3
174 silly packumentCache full:https://registry.npmjs.org/eslint-visitor-keys cache-miss
175 silly fetch manifest @eslint/object-schema@^3.0.5
176 silly packumentCache full:https://registry.npmjs.org/@eslint%2fobject-schema cache-miss
177 silly fetch manifest debug@^4.3.1
178 silly packumentCache full:https://registry.npmjs.org/debug cache-hit
179 silly fetch manifest @types/json-schema@^7.0.15
180 silly packumentCache full:https://registry.npmjs.org/@types%2fjson-schema cache-miss
181 silly fetch manifest levn@^0.4.1
182 silly packumentCache full:https://registry.npmjs.org/levn cache-miss
183 silly fetch manifest @humanwhocodes/retry@^0.4.0
184 silly packumentCache full:https://registry.npmjs.org/@humanwhocodes%2fretry cache-miss
185 silly fetch manifest @humanfs/core@^0.19.2
186 silly packumentCache full:https://registry.npmjs.org/@humanfs%2fcore cache-miss
187 silly fetch manifest @humanfs/types@^0.15.0
188 silly packumentCache full:https://registry.npmjs.org/@humanfs%2ftypes cache-miss
189 silly fetch manifest uri-js@^4.2.2
190 silly packumentCache full:https://registry.npmjs.org/uri-js cache-miss
191 silly fetch manifest fast-deep-equal@^3.1.1
192 silly packumentCache full:https://registry.npmjs.org/fast-deep-equal cache-hit
193 silly fetch manifest json-schema-traverse@^0.4.1
194 silly packumentCache full:https://registry.npmjs.org/json-schema-traverse cache-miss
195 http cache https://registry.npmjs.org/eslint-visitor-keys 7ms (cache hit)
196 silly packumentCache full:https://registry.npmjs.org/eslint-visitor-keys set size:69949 disposed:false
197 silly fetch manifest fast-json-stable-stringify@^2.0.0
198 silly packumentCache full:https://registry.npmjs.org/fast-json-stable-stringify cache-miss
199 http cache https://registry.npmjs.org/@humanwhocodes%2fretry 7ms (cache hit)
200 silly packumentCache full:https://registry.npmjs.org/@humanwhocodes%2fretry set size:42348 disposed:false
201 silly fetch manifest which@^2.0.1
202 silly packumentCache full:https://registry.npmjs.org/which cache-miss
203 http fetch GET 200 https://registry.npmjs.org/json-schema-traverse 47ms (cache revalidated)
204 silly packumentCache full:https://registry.npmjs.org/json-schema-traverse set size:23537 disposed:false
205 silly fetch manifest path-key@^3.1.0
206 silly packumentCache full:https://registry.npmjs.org/path-key cache-miss
207 http fetch GET 200 https://registry.npmjs.org/fast-json-stable-stringify 45ms (cache revalidated)
208 silly packumentCache full:https://registry.npmjs.org/fast-json-stable-stringify set size:11337 disposed:false
209 silly fetch manifest shebang-command@^2.0.0
210 silly packumentCache full:https://registry.npmjs.org/shebang-command cache-miss
211 http fetch GET 200 https://registry.npmjs.org/@types%2fjson-schema 55ms (cache revalidated)
212 silly packumentCache full:https://registry.npmjs.org/@types%2fjson-schema set size:44704 disposed:false
213 silly fetch manifest ms@^2.1.3
214 silly packumentCache full:https://registry.npmjs.org/ms cache-miss
215 http fetch GET 200 https://registry.npmjs.org/which 49ms (cache revalidated)
216 silly packumentCache full:https://registry.npmjs.org/which set size:70143 disposed:false
217 silly fetch manifest @types/esrecurse@^4.3.1
218 silly packumentCache full:https://registry.npmjs.org/@types%2fesrecurse cache-miss
219 http fetch GET 200 https://registry.npmjs.org/uri-js 56ms (cache revalidated)
220 silly packumentCache full:https://registry.npmjs.org/uri-js set size:42559 disposed:false
221 silly fetch manifest esrecurse@^4.3.0
222 silly packumentCache full:https://registry.npmjs.org/esrecurse cache-miss
223 http fetch GET 200 https://registry.npmjs.org/levn 59ms (cache miss)
224 silly packumentCache full:https://registry.npmjs.org/levn set size:undefined disposed:false
225 silly fetch manifest estraverse@^5.2.0
226 silly packumentCache full:https://registry.npmjs.org/estraverse cache-miss
227 http fetch GET 200 https://registry.npmjs.org/@humanfs%2ftypes 68ms (cache miss)
228 silly packumentCache full:https://registry.npmjs.org/@humanfs%2ftypes set size:undefined disposed:false
229 silly fetch manifest acorn@^8.16.0
230 silly packumentCache full:https://registry.npmjs.org/acorn cache-miss
231 http fetch GET 200 https://registry.npmjs.org/@humanfs%2fcore 69ms (cache miss)
232 silly packumentCache full:https://registry.npmjs.org/@humanfs%2fcore set size:undefined disposed:false
233 silly fetch manifest acorn-jsx@^5.3.2
234 silly packumentCache full:https://registry.npmjs.org/acorn-jsx cache-miss
235 http fetch GET 200 https://registry.npmjs.org/path-key 46ms (cache revalidated)
236 silly packumentCache full:https://registry.npmjs.org/path-key set size:16975 disposed:false
237 silly fetch manifest estraverse@^5.1.0
238 silly packumentCache full:https://registry.npmjs.org/estraverse cache-miss
239 http fetch GET 200 https://registry.npmjs.org/shebang-command 48ms (cache revalidated)
240 silly packumentCache full:https://registry.npmjs.org/shebang-command set size:8525 disposed:false
241 silly fetch manifest flat-cache@^4.0.0
242 silly packumentCache full:https://registry.npmjs.org/flat-cache cache-miss
243 http fetch GET 200 https://registry.npmjs.org/esrecurse 50ms (cache miss)
244 silly packumentCache full:https://registry.npmjs.org/esrecurse set size:undefined disposed:false
245 silly fetch manifest locate-path@^6.0.0
246 silly packumentCache full:https://registry.npmjs.org/locate-path cache-miss
247 http fetch GET 200 https://registry.npmjs.org/ms 52ms (cache revalidated)
248 silly packumentCache full:https://registry.npmjs.org/ms set size:92208 disposed:false
249 silly fetch manifest path-exists@^4.0.0
250 silly packumentCache full:https://registry.npmjs.org/path-exists cache-miss
251 http fetch GET 200 https://registry.npmjs.org/@types%2fesrecurse 54ms (cache miss)
252 silly packumentCache full:https://registry.npmjs.org/@types%2fesrecurse set size:undefined disposed:false
253 silly fetch manifest is-glob@^4.0.3
254 silly packumentCache full:https://registry.npmjs.org/is-glob cache-hit
255 silly fetch manifest is-extglob@^2.1.1
256 silly packumentCache full:https://registry.npmjs.org/is-extglob cache-miss
257 http fetch GET 200 https://registry.npmjs.org/estraverse 54ms (cache miss)
258 silly packumentCache full:https://registry.npmjs.org/estraverse set size:undefined disposed:false
259 silly fetch manifest brace-expansion@^5.0.5
260 silly packumentCache full:https://registry.npmjs.org/brace-expansion cache-miss
261 http fetch GET 200 https://registry.npmjs.org/acorn 47ms (cache revalidated)
262 silly packumentCache full:https://registry.npmjs.org/acorn set size:379626 disposed:false
263 silly fetch manifest prelude-ls@^1.2.1
264 silly packumentCache full:https://registry.npmjs.org/prelude-ls cache-miss
265 http fetch GET 200 https://registry.npmjs.org/acorn-jsx 51ms (cache miss)
266 silly packumentCache full:https://registry.npmjs.org/acorn-jsx set size:undefined disposed:false
267 silly fetch manifest deep-is@^0.1.3
268 silly packumentCache full:https://registry.npmjs.org/deep-is cache-miss
269 http fetch GET 200 https://registry.npmjs.org/estraverse 53ms (cache miss)
270 silly packumentCache full:https://registry.npmjs.org/estraverse set size:undefined disposed:false
271 silly fetch manifest word-wrap@^1.2.5
272 silly packumentCache full:https://registry.npmjs.org/word-wrap cache-miss
273 http fetch GET 200 https://registry.npmjs.org/flat-cache 51ms (cache miss)
274 silly packumentCache full:https://registry.npmjs.org/flat-cache set size:undefined disposed:false
275 silly fetch manifest type-check@^0.4.0
276 silly packumentCache full:https://registry.npmjs.org/type-check cache-miss
277 http fetch GET 200 https://registry.npmjs.org/path-exists 46ms (cache revalidated)
278 silly packumentCache full:https://registry.npmjs.org/path-exists set size:13704 disposed:false
279 silly fetch manifest fast-levenshtein@^2.0.6
280 silly packumentCache full:https://registry.npmjs.org/fast-levenshtein cache-miss
281 http fetch GET 200 https://registry.npmjs.org/is-extglob 45ms (cache revalidated)
282 silly packumentCache full:https://registry.npmjs.org/is-extglob set size:11766 disposed:false
283 http fetch GET 200 https://registry.npmjs.org/locate-path 49ms (cache revalidated)
284 silly packumentCache full:https://registry.npmjs.org/locate-path set size:31329 disposed:false
285 http fetch GET 200 https://registry.npmjs.org/brace-expansion 45ms (cache revalidated)
286 silly packumentCache full:https://registry.npmjs.org/brace-expansion set size:70654 disposed:false
287 http fetch GET 200 https://registry.npmjs.org/deep-is 44ms (cache miss)
288 silly packumentCache full:https://registry.npmjs.org/deep-is set size:undefined disposed:false
289 http fetch GET 200 https://registry.npmjs.org/prelude-ls 52ms (cache miss)
290 silly packumentCache full:https://registry.npmjs.org/prelude-ls set size:undefined disposed:false
291 http fetch GET 200 https://registry.npmjs.org/fast-levenshtein 51ms (cache miss)
292 silly packumentCache full:https://registry.npmjs.org/fast-levenshtein set size:undefined disposed:false
293 http fetch GET 200 https://registry.npmjs.org/word-wrap 60ms (cache miss)
294 silly packumentCache full:https://registry.npmjs.org/word-wrap set size:undefined disposed:false
295 http fetch GET 200 https://registry.npmjs.org/@eslint%2fobject-schema 298ms (cache miss)
296 silly packumentCache full:https://registry.npmjs.org/@eslint%2fobject-schema set size:undefined disposed:false
297 http fetch GET 200 https://registry.npmjs.org/type-check 258ms (cache miss)
298 silly packumentCache full:https://registry.npmjs.org/type-check set size:undefined disposed:false
299 silly placeDep node_modules/@eslint-community/eslint-utils eslint-visitor-keys@3.4.3 OK for: @eslint-community/eslint-utils@4.9.1 want: ^3.4.3
300 silly placeDep ROOT @eslint/object-schema@3.0.5 OK for: @eslint/config-array@0.23.5 want: ^3.0.5
301 silly placeDep ROOT @types/json-schema@7.0.15 OK for: @eslint/core@1.2.1 want: ^7.0.15
302 silly placeDep ROOT levn@0.4.1 OK for: @eslint/plugin-kit@0.7.1 want: ^0.4.1
303 silly fetch manifest type-check@~0.4.0
304 silly packumentCache full:https://registry.npmjs.org/type-check cache-miss
305 http cache https://registry.npmjs.org/type-check 2ms (cache hit)
306 silly packumentCache full:https://registry.npmjs.org/type-check set size:21221 disposed:false
307 silly placeDep ROOT @humanfs/core@0.19.2 OK for: @humanfs/node@0.16.8 want: ^0.19.2
308 silly placeDep ROOT @humanfs/types@0.15.0 OK for: @humanfs/node@0.16.8 want: ^0.15.0
309 silly placeDep ROOT fast-json-stable-stringify@2.1.0 OK for: ajv@6.15.0 want: ^2.0.0
310 silly placeDep ROOT json-schema-traverse@0.4.1 OK for: ajv@6.15.0 want: ^0.4.1
311 silly placeDep ROOT uri-js@4.4.1 OK for: ajv@6.15.0 want: ^4.2.2
312 silly fetch manifest punycode@^2.1.0
313 silly packumentCache full:https://registry.npmjs.org/punycode cache-miss
314 http fetch GET 200 https://registry.npmjs.org/punycode 42ms (cache revalidated)
315 silly packumentCache full:https://registry.npmjs.org/punycode set size:61278 disposed:false
316 silly placeDep ROOT path-key@3.1.1 OK for: cross-spawn@7.0.6 want: ^3.1.0
317 silly placeDep ROOT shebang-command@2.0.0 OK for: cross-spawn@7.0.6 want: ^2.0.0
318 silly placeDep ROOT which@2.0.2 OK for: cross-spawn@7.0.6 want: ^2.0.1
319 silly fetch manifest shebang-regex@^3.0.0
320 silly packumentCache full:https://registry.npmjs.org/shebang-regex cache-miss
321 silly fetch manifest isexe@^2.0.0
322 silly packumentCache full:https://registry.npmjs.org/isexe cache-miss
323 http fetch GET 200 https://registry.npmjs.org/isexe 42ms (cache revalidated)
324 silly packumentCache full:https://registry.npmjs.org/isexe set size:31756 disposed:false
325 http fetch GET 200 https://registry.npmjs.org/shebang-regex 46ms (cache revalidated)
326 silly packumentCache full:https://registry.npmjs.org/shebang-regex set size:9763 disposed:false
327 silly placeDep ROOT ms@2.1.3 OK for: debug@4.4.3 want: ^2.1.3
328 silly placeDep ROOT @types/esrecurse@4.3.1 OK for: eslint-scope@9.1.2 want: ^4.3.1
329 silly placeDep ROOT esrecurse@4.3.0 OK for: eslint-scope@9.1.2 want: ^4.3.0
330 silly placeDep ROOT estraverse@5.3.0 OK for: eslint-scope@9.1.2 want: ^5.2.0
331 silly placeDep ROOT acorn@8.16.0 OK for: espree@11.2.0 want: ^8.16.0
332 silly placeDep ROOT acorn-jsx@5.3.2 OK for: espree@11.2.0 want: ^5.3.2
333 silly placeDep ROOT flat-cache@4.0.1 OK for: file-entry-cache@8.0.0 want: ^4.0.0
334 silly fetch manifest keyv@^4.5.4
335 silly packumentCache full:https://registry.npmjs.org/keyv cache-miss
336 silly fetch manifest flatted@^3.2.9
337 silly packumentCache full:https://registry.npmjs.org/flatted cache-miss
338 http fetch GET 200 https://registry.npmjs.org/flatted 51ms (cache miss)
339 silly packumentCache full:https://registry.npmjs.org/flatted set size:undefined disposed:false
340 http fetch GET 200 https://registry.npmjs.org/keyv 53ms (cache revalidated)
341 silly packumentCache full:https://registry.npmjs.org/keyv set size:215840 disposed:false
342 silly placeDep ROOT locate-path@6.0.0 OK for: find-up@5.0.0 want: ^6.0.0
343 silly placeDep ROOT path-exists@4.0.0 OK for: find-up@5.0.0 want: ^4.0.0
344 silly fetch manifest p-locate@^5.0.0
345 silly packumentCache full:https://registry.npmjs.org/p-locate cache-miss
346 http fetch GET 200 https://registry.npmjs.org/p-locate 48ms (cache revalidated)
347 silly packumentCache full:https://registry.npmjs.org/p-locate set size:22488 disposed:false
348 silly placeDep ROOT flatted@3.4.2 OK for: flat-cache@4.0.1 want: ^3.2.9
349 silly placeDep ROOT keyv@4.5.4 OK for: flat-cache@4.0.1 want: ^4.5.4
350 silly fetch manifest json-buffer@3.0.1
351 silly packumentCache full:https://registry.npmjs.org/json-buffer cache-miss
352 http fetch GET 200 https://registry.npmjs.org/json-buffer 44ms (cache revalidated)
353 silly packumentCache full:https://registry.npmjs.org/json-buffer set size:23474 disposed:false
354 silly placeDep ROOT is-extglob@2.1.1 OK for: is-glob@4.0.3 want: ^2.1.1
355 silly placeDep ROOT json-buffer@3.0.1 OK for: keyv@4.5.4 want: 3.0.1
356 silly placeDep ROOT prelude-ls@1.2.1 OK for: levn@0.4.1 want: ^1.2.1
357 silly placeDep ROOT type-check@0.4.0 OK for: levn@0.4.1 want: ~0.4.0
358 silly placeDep ROOT p-locate@5.0.0 OK for: locate-path@6.0.0 want: ^5.0.0
359 silly fetch manifest p-limit@^3.0.2
360 silly packumentCache full:https://registry.npmjs.org/p-limit cache-miss
361 http fetch GET 200 https://registry.npmjs.org/p-limit 51ms (cache revalidated)
362 silly packumentCache full:https://registry.npmjs.org/p-limit set size:61867 disposed:false
363 silly placeDep ROOT brace-expansion@5.0.6 OK for: minimatch@10.2.5 want: ^5.0.5
364 silly fetch manifest balanced-match@^4.0.2
365 silly packumentCache full:https://registry.npmjs.org/balanced-match cache-miss
366 http fetch GET 200 https://registry.npmjs.org/balanced-match 40ms (cache revalidated)
367 silly packumentCache full:https://registry.npmjs.org/balanced-match set size:39082 disposed:false
368 silly placeDep ROOT balanced-match@4.0.4 OK for: brace-expansion@5.0.6 want: ^4.0.2
369 silly placeDep ROOT deep-is@0.1.4 OK for: optionator@0.9.4 want: ^0.1.3
370 silly placeDep ROOT fast-levenshtein@2.0.6 OK for: optionator@0.9.4 want: ^2.0.6
371 silly placeDep ROOT word-wrap@1.2.5 OK for: optionator@0.9.4 want: ^1.2.5
372 silly placeDep ROOT p-limit@3.1.0 OK for: p-locate@5.0.0 want: ^3.0.2
373 silly fetch manifest yocto-queue@^0.1.0
374 silly packumentCache full:https://registry.npmjs.org/yocto-queue cache-miss
375 http fetch GET 200 https://registry.npmjs.org/yocto-queue 42ms (cache revalidated)
376 silly packumentCache full:https://registry.npmjs.org/yocto-queue set size:20256 disposed:false
377 silly placeDep ROOT yocto-queue@0.1.0 OK for: p-limit@3.1.0 want: ^0.1.0
378 silly placeDep ROOT shebang-regex@3.0.0 OK for: shebang-command@2.0.0 want: ^3.0.0
379 silly placeDep ROOT punycode@2.3.1 OK for: uri-js@4.4.1 want: ^2.1.0
380 silly placeDep ROOT isexe@2.0.0 OK for: which@2.0.2 want: ^2.0.0
381 silly reify moves {}
382 silly audit bulk request {
382 silly audit   eslint: [ '10.4.0' ],
382 silly audit   '@eslint-community/eslint-utils': [ '4.9.1' ],
382 silly audit   '@eslint-community/regexpp': [ '4.12.2' ],
382 silly audit   '@eslint/config-array': [ '0.23.5' ],
382 silly audit   '@eslint/config-helpers': [ '0.6.0' ],
382 silly audit   '@eslint/core': [ '1.2.1' ],
382 silly audit   '@eslint/plugin-kit': [ '0.7.1' ],
382 silly audit   '@humanfs/node': [ '0.16.8' ],
382 silly audit   '@humanwhocodes/module-importer': [ '1.0.1' ],
382 silly audit   '@humanwhocodes/retry': [ '0.4.3' ],
382 silly audit   '@types/estree': [ '1.0.9' ],
382 silly audit   ajv: [ '6.15.0' ],
382 silly audit   'cross-spawn': [ '7.0.6' ],
382 silly audit   debug: [ '4.4.3' ],
382 silly audit   'escape-string-regexp': [ '4.0.0' ],
382 silly audit   'eslint-scope': [ '9.1.2' ],
382 silly audit   'eslint-visitor-keys': [ '5.0.1', '3.4.3' ],
382 silly audit   espree: [ '11.2.0' ],
382 silly audit   esquery: [ '1.7.0' ],
382 silly audit   esutils: [ '2.0.3' ],
382 silly audit   'fast-deep-equal': [ '3.1.3' ],
382 silly audit   'file-entry-cache': [ '8.0.0' ],
382 silly audit   'find-up': [ '5.0.0' ],
382 silly audit   'glob-parent': [ '6.0.2' ],
382 silly audit   ignore: [ '5.3.2' ],
382 silly audit   imurmurhash: [ '0.1.4' ],
382 silly audit   'is-glob': [ '4.0.3' ],
382 silly audit   'json-stable-stringify-without-jsonify': [ '1.0.1' ],
382 silly audit   minimatch: [ '10.2.5' ],
382 silly audit   'natural-compare': [ '1.4.0' ],
382 silly audit   optionator: [ '0.9.4' ],
382 silly audit   '@eslint/object-schema': [ '3.0.5' ],
382 silly audit   '@types/json-schema': [ '7.0.15' ],
382 silly audit   levn: [ '0.4.1' ],
382 silly audit   '@humanfs/core': [ '0.19.2' ],
382 silly audit   '@humanfs/types': [ '0.15.0' ],
382 silly audit   'fast-json-stable-stringify': [ '2.1.0' ],
382 silly audit   'json-schema-traverse': [ '0.4.1' ],
382 silly audit   'uri-js': [ '4.4.1' ],
382 silly audit   'path-key': [ '3.1.1' ],
382 silly audit   'shebang-command': [ '2.0.0' ],
382 silly audit   which: [ '2.0.2' ],
382 silly audit   ms: [ '2.1.3' ],
382 silly audit   '@types/esrecurse': [ '4.3.1' ],
382 silly audit   esrecurse: [ '4.3.0' ],
382 silly audit   estraverse: [ '5.3.0' ],
382 silly audit   acorn: [ '8.16.0' ],
382 silly audit   'acorn-jsx': [ '5.3.2' ],
382 silly audit   'flat-cache': [ '4.0.1' ],
382 silly audit   'locate-path': [ '6.0.0' ],
382 silly audit   'path-exists': [ '4.0.0' ],
382 silly audit   flatted: [ '3.4.2' ],
382 silly audit   keyv: [ '4.5.4' ],
382 silly audit   'is-extglob': [ '2.1.1' ],
382 silly audit   'json-buffer': [ '3.0.1' ],
382 silly audit   'prelude-ls': [ '1.2.1' ],
382 silly audit   'type-check': [ '0.4.0' ],
382 silly audit   'p-locate': [ '5.0.0' ],
382 silly audit   'brace-expansion': [ '5.0.6' ],
382 silly audit   'balanced-match': [ '4.0.4' ],
382 silly audit   'deep-is': [ '0.1.4' ],
382 silly audit   'fast-levenshtein': [ '2.0.6' ],
382 silly audit   'word-wrap': [ '1.2.5' ],
382 silly audit   'p-limit': [ '3.1.0' ],
382 silly audit   'yocto-queue': [ '0.1.0' ],
382 silly audit   'shebang-regex': [ '3.0.0' ],
382 silly audit   punycode: [ '2.3.1' ],
382 silly audit   isexe: [ '2.0.0' ]
382 silly audit }
383 http cache isexe@https://registry.npmjs.org/isexe/-/isexe-2.0.0.tgz 0ms (cache hit)
384 http cache shebang-regex@https://registry.npmjs.org/shebang-regex/-/shebang-regex-3.0.0.tgz 0ms (cache hit)
385 http cache punycode@https://registry.npmjs.org/punycode/-/punycode-2.3.1.tgz 0ms (cache hit)
386 http cache yocto-queue@https://registry.npmjs.org/yocto-queue/-/yocto-queue-0.1.0.tgz 0ms (cache hit)
387 http cache p-limit@https://registry.npmjs.org/p-limit/-/p-limit-3.1.0.tgz 0ms (cache hit)
388 http cache word-wrap@https://registry.npmjs.org/word-wrap/-/word-wrap-1.2.5.tgz 0ms (cache hit)
389 http cache deep-is@https://registry.npmjs.org/deep-is/-/deep-is-0.1.4.tgz 0ms (cache hit)
390 http cache fast-levenshtein@https://registry.npmjs.org/fast-levenshtein/-/fast-levenshtein-2.0.6.tgz 0ms (cache hit)
391 http cache brace-expansion@https://registry.npmjs.org/brace-expansion/-/brace-expansion-5.0.6.tgz 0ms (cache hit)
392 http cache p-locate@https://registry.npmjs.org/p-locate/-/p-locate-5.0.0.tgz 0ms (cache hit)
393 http cache type-check@https://registry.npmjs.org/type-check/-/type-check-0.4.0.tgz 0ms (cache hit)
394 http cache prelude-ls@https://registry.npmjs.org/prelude-ls/-/prelude-ls-1.2.1.tgz 0ms (cache hit)
395 http cache is-extglob@https://registry.npmjs.org/is-extglob/-/is-extglob-2.1.1.tgz 0ms (cache hit)
396 http cache locate-path@https://registry.npmjs.org/locate-path/-/locate-path-6.0.0.tgz 0ms (cache hit)
397 http cache balanced-match@https://registry.npmjs.org/balanced-match/-/balanced-match-4.0.4.tgz 0ms (cache hit)
398 http cache flat-cache@https://registry.npmjs.org/flat-cache/-/flat-cache-4.0.1.tgz 0ms (cache hit)
399 http cache keyv@https://registry.npmjs.org/keyv/-/keyv-4.5.4.tgz 0ms (cache hit)
400 http cache json-buffer@https://registry.npmjs.org/json-buffer/-/json-buffer-3.0.1.tgz 0ms (cache hit)
401 http cache acorn-jsx@https://registry.npmjs.org/acorn-jsx/-/acorn-jsx-5.3.2.tgz 0ms (cache hit)
402 http cache acorn@https://registry.npmjs.org/acorn/-/acorn-8.16.0.tgz 0ms (cache hit)
403 http cache which@https://registry.npmjs.org/which/-/which-2.0.2.tgz 0ms (cache hit)
404 http cache esrecurse@https://registry.npmjs.org/esrecurse/-/esrecurse-4.3.0.tgz 0ms (cache hit)
405 http cache path-exists@https://registry.npmjs.org/path-exists/-/path-exists-4.0.0.tgz 0ms (cache hit)
406 http cache path-key@https://registry.npmjs.org/path-key/-/path-key-3.1.1.tgz 0ms (cache hit)
407 http cache ms@https://registry.npmjs.org/ms/-/ms-2.1.3.tgz 0ms (cache hit)
408 http cache estraverse@https://registry.npmjs.org/estraverse/-/estraverse-5.3.0.tgz 0ms (cache hit)
409 http cache shebang-command@https://registry.npmjs.org/shebang-command/-/shebang-command-2.0.0.tgz 0ms (cache hit)
410 http cache @types/esrecurse@https://registry.npmjs.org/@types/esrecurse/-/esrecurse-4.3.1.tgz 0ms (cache hit)
411 http cache uri-js@https://registry.npmjs.org/uri-js/-/uri-js-4.4.1.tgz 0ms (cache hit)
412 http cache fast-json-stable-stringify@https://registry.npmjs.org/fast-json-stable-stringify/-/fast-json-stable-stringify-2.1.0.tgz 0ms (cache hit)
413 http cache @humanfs/types@https://registry.npmjs.org/@humanfs/types/-/types-0.15.0.tgz 0ms (cache hit)
414 http cache json-schema-traverse@https://registry.npmjs.org/json-schema-traverse/-/json-schema-traverse-0.4.1.tgz 0ms (cache hit)
415 http cache @types/json-schema@https://registry.npmjs.org/@types/json-schema/-/json-schema-7.0.15.tgz 0ms (cache hit)
416 http cache levn@https://registry.npmjs.org/levn/-/levn-0.4.1.tgz 0ms (cache hit)
417 http cache @humanfs/core@https://registry.npmjs.org/@humanfs/core/-/core-0.19.2.tgz 0ms (cache hit)
418 http cache @eslint/object-schema@https://registry.npmjs.org/@eslint/object-schema/-/object-schema-3.0.5.tgz 0ms (cache hit)
419 http cache flatted@https://registry.npmjs.org/flatted/-/flatted-3.4.2.tgz 0ms (cache hit)
420 http cache minimatch@https://registry.npmjs.org/minimatch/-/minimatch-10.2.5.tgz 0ms (cache hit)
421 http cache optionator@https://registry.npmjs.org/optionator/-/optionator-0.9.4.tgz 0ms (cache hit)
422 http cache natural-compare@https://registry.npmjs.org/natural-compare/-/natural-compare-1.4.0.tgz 0ms (cache hit)
423 http cache is-glob@https://registry.npmjs.org/is-glob/-/is-glob-4.0.3.tgz 0ms (cache hit)
424 http cache imurmurhash@https://registry.npmjs.org/imurmurhash/-/imurmurhash-0.1.4.tgz 0ms (cache hit)
425 http cache ignore@https://registry.npmjs.org/ignore/-/ignore-5.3.2.tgz 0ms (cache hit)
426 http cache glob-parent@https://registry.npmjs.org/glob-parent/-/glob-parent-6.0.2.tgz 0ms (cache hit)
427 http cache json-stable-stringify-without-jsonify@https://registry.npmjs.org/json-stable-stringify-without-jsonify/-/json-stable-stringify-without-jsonify-1.0.1.tgz 0ms (cache hit)
428 http cache file-entry-cache@https://registry.npmjs.org/file-entry-cache/-/file-entry-cache-8.0.0.tgz 0ms (cache hit)
429 http cache find-up@https://registry.npmjs.org/find-up/-/find-up-5.0.0.tgz 0ms (cache hit)
430 http cache fast-deep-equal@https://registry.npmjs.org/fast-deep-equal/-/fast-deep-equal-3.1.3.tgz 0ms (cache hit)
431 http cache esquery@https://registry.npmjs.org/esquery/-/esquery-1.7.0.tgz 0ms (cache hit)
432 http cache espree@https://registry.npmjs.org/espree/-/espree-11.2.0.tgz 0ms (cache hit)
433 http cache eslint-visitor-keys@https://registry.npmjs.org/eslint-visitor-keys/-/eslint-visitor-keys-5.0.1.tgz 0ms (cache hit)
434 http cache esutils@https://registry.npmjs.org/esutils/-/esutils-2.0.3.tgz 0ms (cache hit)
435 http cache escape-string-regexp@https://registry.npmjs.org/escape-string-regexp/-/escape-string-regexp-4.0.0.tgz 0ms (cache hit)
436 http cache eslint-scope@https://registry.npmjs.org/eslint-scope/-/eslint-scope-9.1.2.tgz 0ms (cache hit)
437 http cache debug@https://registry.npmjs.org/debug/-/debug-4.4.3.tgz 0ms (cache hit)
438 http cache cross-spawn@https://registry.npmjs.org/cross-spawn/-/cross-spawn-7.0.6.tgz 0ms (cache hit)
439 http cache @types/estree@https://registry.npmjs.org/@types/estree/-/estree-1.0.9.tgz 0ms (cache hit)
440 http cache @eslint/plugin-kit@https://registry.npmjs.org/@eslint/plugin-kit/-/plugin-kit-0.7.1.tgz 0ms (cache hit)
441 http cache @humanwhocodes/retry@https://registry.npmjs.org/@humanwhocodes/retry/-/retry-0.4.3.tgz 0ms (cache hit)
442 http cache @humanfs/node@https://registry.npmjs.org/@humanfs/node/-/node-0.16.8.tgz 0ms (cache hit)
443 http cache @eslint/core@https://registry.npmjs.org/@eslint/core/-/core-1.2.1.tgz 0ms (cache hit)
444 http cache @humanwhocodes/module-importer@https://registry.npmjs.org/@humanwhocodes/module-importer/-/module-importer-1.0.1.tgz 0ms (cache hit)
445 http cache @eslint/config-helpers@https://registry.npmjs.org/@eslint/config-helpers/-/config-helpers-0.6.0.tgz 0ms (cache hit)
446 http cache @eslint/config-array@https://registry.npmjs.org/@eslint/config-array/-/config-array-0.23.5.tgz 0ms (cache hit)
447 http cache ajv@https://registry.npmjs.org/ajv/-/ajv-6.15.0.tgz 0ms (cache hit)
448 http cache @eslint-community/regexpp@https://registry.npmjs.org/@eslint-community/regexpp/-/regexpp-4.12.2.tgz 0ms (cache hit)
449 http cache eslint-visitor-keys@https://registry.npmjs.org/eslint-visitor-keys/-/eslint-visitor-keys-3.4.3.tgz 0ms (cache hit)
450 silly tarball no local data for word-wrap@https://registry.npmjs.org/word-wrap/-/word-wrap-1.2.5.tgz. Extracting by manifest.
451 http cache eslint@https://registry.npmjs.org/eslint/-/eslint-10.4.0.tgz 0ms (cache hit)
452 http cache @eslint-community/eslint-utils@https://registry.npmjs.org/@eslint-community/eslint-utils/-/eslint-utils-4.9.1.tgz 0ms (cache hit)
453 silly tarball no local data for fast-levenshtein@https://registry.npmjs.org/fast-levenshtein/-/fast-levenshtein-2.0.6.tgz. Extracting by manifest.
454 silly tarball no local data for deep-is@https://registry.npmjs.org/deep-is/-/deep-is-0.1.4.tgz. Extracting by manifest.
455 silly tarball no local data for brace-expansion@https://registry.npmjs.org/brace-expansion/-/brace-expansion-5.0.6.tgz. Extracting by manifest.
456 silly tarball no local data for prelude-ls@https://registry.npmjs.org/prelude-ls/-/prelude-ls-1.2.1.tgz. Extracting by manifest.
457 silly tarball no local data for type-check@https://registry.npmjs.org/type-check/-/type-check-0.4.0.tgz. Extracting by manifest.
458 silly tarball no local data for balanced-match@https://registry.npmjs.org/balanced-match/-/balanced-match-4.0.4.tgz. Extracting by manifest.
459 silly tarball no local data for flat-cache@https://registry.npmjs.org/flat-cache/-/flat-cache-4.0.1.tgz. Extracting by manifest.
460 silly tarball no local data for esrecurse@https://registry.npmjs.org/esrecurse/-/esrecurse-4.3.0.tgz. Extracting by manifest.
461 silly tarball no local data for acorn-jsx@https://registry.npmjs.org/acorn-jsx/-/acorn-jsx-5.3.2.tgz. Extracting by manifest.
462 silly tarball no local data for estraverse@https://registry.npmjs.org/estraverse/-/estraverse-5.3.0.tgz. Extracting by manifest.
463 silly tarball no local data for @types/esrecurse@https://registry.npmjs.org/@types/esrecurse/-/esrecurse-4.3.1.tgz. Extracting by manifest.
464 silly tarball no local data for @humanfs/types@https://registry.npmjs.org/@humanfs/types/-/types-0.15.0.tgz. Extracting by manifest.
465 silly tarball no local data for levn@https://registry.npmjs.org/levn/-/levn-0.4.1.tgz. Extracting by manifest.
466 silly tarball no local data for json-schema-traverse@https://registry.npmjs.org/json-schema-traverse/-/json-schema-traverse-0.4.1.tgz. Extracting by manifest.
467 silly tarball no local data for @eslint/object-schema@https://registry.npmjs.org/@eslint/object-schema/-/object-schema-3.0.5.tgz. Extracting by manifest.
468 silly tarball no local data for @humanfs/core@https://registry.npmjs.org/@humanfs/core/-/core-0.19.2.tgz. Extracting by manifest.
469 silly tarball no local data for flatted@https://registry.npmjs.org/flatted/-/flatted-3.4.2.tgz. Extracting by manifest.
470 silly tarball no local data for minimatch@https://registry.npmjs.org/minimatch/-/minimatch-10.2.5.tgz. Extracting by manifest.
471 silly tarball no local data for optionator@https://registry.npmjs.org/optionator/-/optionator-0.9.4.tgz. Extracting by manifest.
472 silly tarball no local data for json-stable-stringify-without-jsonify@https://registry.npmjs.org/json-stable-stringify-without-jsonify/-/json-stable-stringify-without-jsonify-1.0.1.tgz. Extracting by manifest.
473 silly tarball no local data for glob-parent@https://registry.npmjs.org/glob-parent/-/glob-parent-6.0.2.tgz. Extracting by manifest.
474 silly tarball no local data for file-entry-cache@https://registry.npmjs.org/file-entry-cache/-/file-entry-cache-8.0.0.tgz. Extracting by manifest.
475 silly tarball no local data for esquery@https://registry.npmjs.org/esquery/-/esquery-1.7.0.tgz. Extracting by manifest.
476 silly tarball no local data for espree@https://registry.npmjs.org/espree/-/espree-11.2.0.tgz. Extracting by manifest.
477 silly tarball no local data for eslint-visitor-keys@https://registry.npmjs.org/eslint-visitor-keys/-/eslint-visitor-keys-5.0.1.tgz. Extracting by manifest.
478 silly tarball no local data for eslint-scope@https://registry.npmjs.org/eslint-scope/-/eslint-scope-9.1.2.tgz. Extracting by manifest.
479 silly tarball no local data for esutils@https://registry.npmjs.org/esutils/-/esutils-2.0.3.tgz. Extracting by manifest.
480 silly tarball no local data for @types/estree@https://registry.npmjs.org/@types/estree/-/estree-1.0.9.tgz. Extracting by manifest.
481 silly tarball no local data for @humanwhocodes/retry@https://registry.npmjs.org/@humanwhocodes/retry/-/retry-0.4.3.tgz. Extracting by manifest.
482 silly tarball no local data for @eslint/plugin-kit@https://registry.npmjs.org/@eslint/plugin-kit/-/plugin-kit-0.7.1.tgz. Extracting by manifest.
483 silly tarball no local data for @eslint/core@https://registry.npmjs.org/@eslint/core/-/core-1.2.1.tgz. Extracting by manifest.
484 silly tarball no local data for @humanwhocodes/module-importer@https://registry.npmjs.org/@humanwhocodes/module-importer/-/module-importer-1.0.1.tgz. Extracting by manifest.
485 silly tarball no local data for @humanfs/node@https://registry.npmjs.org/@humanfs/node/-/node-0.16.8.tgz. Extracting by manifest.
486 silly tarball no local data for @eslint/config-array@https://registry.npmjs.org/@eslint/config-array/-/config-array-0.23.5.tgz. Extracting by manifest.
487 silly tarball no local data for @eslint/config-helpers@https://registry.npmjs.org/@eslint/config-helpers/-/config-helpers-0.6.0.tgz. Extracting by manifest.
488 silly tarball no local data for ajv@https://registry.npmjs.org/ajv/-/ajv-6.15.0.tgz. Extracting by manifest.
489 silly tarball no local data for @eslint-community/regexpp@https://registry.npmjs.org/@eslint-community/regexpp/-/regexpp-4.12.2.tgz. Extracting by manifest.
490 silly tarball no local data for eslint-visitor-keys@https://registry.npmjs.org/eslint-visitor-keys/-/eslint-visitor-keys-3.4.3.tgz. Extracting by manifest.
491 silly tarball no local data for @eslint-community/eslint-utils@https://registry.npmjs.org/@eslint-community/eslint-utils/-/eslint-utils-4.9.1.tgz. Extracting by manifest.
492 silly tarball no local data for eslint@https://registry.npmjs.org/eslint/-/eslint-10.4.0.tgz. Extracting by manifest.
493 http fetch GET 200 https://registry.npmjs.org/balanced-match/-/balanced-match-4.0.4.tgz 55ms (cache miss)
494 http fetch GET 200 https://registry.npmjs.org/word-wrap/-/word-wrap-1.2.5.tgz 57ms (cache miss)
495 http fetch GET 200 https://registry.npmjs.org/flat-cache/-/flat-cache-4.0.1.tgz 56ms (cache miss)
496 http fetch GET 200 https://registry.npmjs.org/deep-is/-/deep-is-0.1.4.tgz 69ms (cache miss)
497 http fetch GET 200 https://registry.npmjs.org/fast-levenshtein/-/fast-levenshtein-2.0.6.tgz 70ms (cache miss)
498 http fetch GET 200 https://registry.npmjs.org/prelude-ls/-/prelude-ls-1.2.1.tgz 70ms (cache miss)
499 http fetch GET 200 https://registry.npmjs.org/type-check/-/type-check-0.4.0.tgz 71ms (cache miss)
500 http fetch GET 200 https://registry.npmjs.org/brace-expansion/-/brace-expansion-5.0.6.tgz 71ms (cache miss)
501 http fetch GET 200 https://registry.npmjs.org/flatted/-/flatted-3.4.2.tgz 103ms (cache miss)
502 http fetch GET 200 https://registry.npmjs.org/json-schema-traverse/-/json-schema-traverse-0.4.1.tgz 104ms (cache miss)
503 http fetch GET 200 https://registry.npmjs.org/json-stable-stringify-without-jsonify/-/json-stable-stringify-without-jsonify-1.0.1.tgz 108ms (cache miss)
504 http fetch GET 200 https://registry.npmjs.org/file-entry-cache/-/file-entry-cache-8.0.0.tgz 122ms (cache miss)
505 http fetch GET 200 https://registry.npmjs.org/glob-parent/-/glob-parent-6.0.2.tgz 122ms (cache miss)
506 http fetch GET 200 https://registry.npmjs.org/@eslint/object-schema/-/object-schema-3.0.5.tgz 125ms (cache miss)
507 http fetch GET 200 https://registry.npmjs.org/espree/-/espree-11.2.0.tgz 125ms (cache miss)
508 http fetch GET 200 https://registry.npmjs.org/eslint-visitor-keys/-/eslint-visitor-keys-5.0.1.tgz 152ms (cache miss)
509 http fetch GET 200 https://registry.npmjs.org/esrecurse/-/esrecurse-4.3.0.tgz 154ms (cache miss)
510 http fetch GET 200 https://registry.npmjs.org/@humanfs/core/-/core-0.19.2.tgz 155ms (cache miss)
511 http fetch GET 200 https://registry.npmjs.org/estraverse/-/estraverse-5.3.0.tgz 212ms (cache miss)
512 http fetch GET 200 https://registry.npmjs.org/levn/-/levn-0.4.1.tgz 212ms (cache miss)
513 http fetch GET 200 https://registry.npmjs.org/acorn-jsx/-/acorn-jsx-5.3.2.tgz 214ms (cache miss)
514 http fetch GET 200 https://registry.npmjs.org/@types/esrecurse/-/esrecurse-4.3.1.tgz 217ms (cache miss)
515 http fetch GET 200 https://registry.npmjs.org/esquery/-/esquery-1.7.0.tgz 233ms (cache miss)
516 http fetch GET 200 https://registry.npmjs.org/@types/estree/-/estree-1.0.9.tgz 232ms (cache miss)
517 http fetch GET 200 https://registry.npmjs.org/esutils/-/esutils-2.0.3.tgz 233ms (cache miss)
518 http fetch GET 200 https://registry.npmjs.org/@humanfs/types/-/types-0.15.0.tgz 235ms (cache miss)
519 http fetch GET 200 https://registry.npmjs.org/@humanwhocodes/retry/-/retry-0.4.3.tgz 233ms (cache miss)
520 http fetch GET 200 https://registry.npmjs.org/optionator/-/optionator-0.9.4.tgz 235ms (cache miss)
521 http fetch GET 200 https://registry.npmjs.org/eslint-scope/-/eslint-scope-9.1.2.tgz 236ms (cache miss)
522 http fetch GET 200 https://registry.npmjs.org/@eslint/plugin-kit/-/plugin-kit-0.7.1.tgz 237ms (cache miss)
523 http fetch GET 200 https://registry.npmjs.org/minimatch/-/minimatch-10.2.5.tgz 261ms (cache miss)
524 http fetch GET 200 https://registry.npmjs.org/@humanfs/node/-/node-0.16.8.tgz 281ms (cache miss)
525 http fetch POST 200 https://registry.npmjs.org/-/npm/v1/security/advisories/bulk 298ms
526 silly audit report {}
527 http fetch GET 200 https://registry.npmjs.org/@humanwhocodes/module-importer/-/module-importer-1.0.1.tgz 287ms (cache miss)
528 http fetch GET 200 https://registry.npmjs.org/eslint-visitor-keys/-/eslint-visitor-keys-3.4.3.tgz 299ms (cache miss)
529 http fetch GET 200 https://registry.npmjs.org/@eslint-community/regexpp/-/regexpp-4.12.2.tgz 318ms (cache miss)
530 http fetch GET 200 https://registry.npmjs.org/@eslint-community/eslint-utils/-/eslint-utils-4.9.1.tgz 345ms (cache miss)
531 http fetch GET 200 https://registry.npmjs.org/ajv/-/ajv-6.15.0.tgz 351ms (cache miss)
532 http fetch GET 200 https://registry.npmjs.org/eslint/-/eslint-10.4.0.tgz 440ms (cache miss)
533 http fetch GET 200 https://registry.npmjs.org/@eslint/core/-/core-1.2.1.tgz 499ms (cache miss)
534 http fetch GET 200 https://registry.npmjs.org/@eslint/config-helpers/-/config-helpers-0.6.0.tgz 521ms (cache miss)
535 http fetch GET 200 https://registry.npmjs.org/@eslint/config-array/-/config-array-0.23.5.tgz 559ms (cache miss)
536 verbose cwd /Users/sainath.are/Documents/kammnow
537 verbose os Darwin 25.4.0
538 verbose node v22.20.0
539 verbose npm  v10.9.3
540 verbose exit 2
541 verbose code 2
